<?xml version="1.0" encoding="UTF-8"?>
<!-- Generated by org.testng.reporters.JUnitReportReporter -->
<testsuite hostname="Nikhil" failures="0" tests="1" name="DDF_TestNG_10_Jan_2023.TestClass" time="11.891" errors="0" timestamp="2023-01-20T14:06:34 IST" skipped="0">
  <testcase classname="DDF_TestNG_10_Jan_2023.TestClass" name="verifyText" time="11.891"/>
  <system-out/>
</testsuite> <!-- DDF_TestNG_10_Jan_2023.TestClass -->
